<?xml version="1.0" encoding="UTF-8"?>
<!-- Generated by org.testng.reporters.JUnitReportReporter -->
<testsuite skipped="4" hostname="DESKTOP-B75F35K" name="smokeTest.ValidateSmokeTest" tests="31" failures="0" timestamp="29 May 2018 08:42:07 GMT" time="553.058" errors="0">
  <testcase name="ValidateLogin" time="49.681" classname="smokeTest.ValidateSmokeTest"/>
  <testcase name="ValidateFavoriteIcon" time="17.345" classname="smokeTest.ValidateSmokeTest"/>
  <testcase name="ValidateSearching" time="13.116" classname="smokeTest.ValidateSmokeTest"/>
  <testcase name="ValidatePDPandAddToCart" time="31.271" classname="smokeTest.ValidateSmokeTest"/>
  <testcase name="ValidateRecentViewLink" time="13.610" classname="smokeTest.ValidateSmokeTest"/>
  <testcase name="ValidateFooterLogo" time="2.269" classname="smokeTest.ValidateSmokeTest"/>
  <testcase name="ValidateMyProfNavigation" time="6.965" classname="smokeTest.ValidateSmokeTest"/>
  <testcase name="ValidateHeaderLogo" time="2.135" classname="smokeTest.ValidateSmokeTest"/>
  <testcase name="ValidateStandardsCatalog" time="5.351" classname="smokeTest.ValidateSmokeTest"/>
  <testcase name="ValidateStandardsCatalogDetail" time="19.035" classname="smokeTest.ValidateSmokeTest"/>
  <testcase name="ValidateAllProduct" time="6.832" classname="smokeTest.ValidateSmokeTest"/>
  <testcase name="ValidateAudioCablesCategory" time="5.633" classname="smokeTest.ValidateSmokeTest"/>
  <testcase name="ValidateResources" time="12.417" classname="smokeTest.ValidateSmokeTest"/>
  <testcase name="ValidateSpecialOffer" time="11.491" classname="smokeTest.ValidateSmokeTest"/>
  <testcase name="ValidateCartPage" time="6.813" classname="smokeTest.ValidateSmokeTest"/>
  <testcase name="ValidateCheckoutProcess" time="67.181" classname="smokeTest.ValidateSmokeTest"/>
  <testcase name="ValidateCheckoutHeaderLogo" time="12.760" classname="smokeTest.ValidateSmokeTest"/>
  <testcase name="ValidateCheckoutFooterLogo" time="2.304" classname="smokeTest.ValidateSmokeTest"/>
  <testcase name="ValidateFooterLinks" time="71.429" classname="smokeTest.ValidateSmokeTest"/>
  <testcase name="ValidateTrackpage" time="55.720" classname="smokeTest.ValidateSmokeTest"/>
  <testcase name="ValidateordersPage" time="31.496" classname="smokeTest.ValidateSmokeTest"/>
  <testcase name="ValidatePurchaseAnalysisPage" time="16.960" classname="smokeTest.ValidateSmokeTest"/>
  <testcase name="ValidatePAEmail" time="0.734" classname="smokeTest.ValidateSmokeTest"/>
  <testcase name="ValidateCalendarPage" time="5.714" classname="smokeTest.ValidateSmokeTest"/>
  <testcase name="ValidateCalendarLinks" time="32.460" classname="smokeTest.ValidateSmokeTest"/>
  <testcase name="ValidateSavedReports" time="9.480" classname="smokeTest.ValidateSmokeTest"/>
  <testcase name="ValidateCompaePage" time="42.856" classname="smokeTest.ValidateSmokeTest"/>
  <testcase name="ValidateRemoveFromCart" classname="smokeTest.ValidateSmokeTest">
    <skipped/>
  </testcase> <!-- ValidateRemoveFromCart -->
  <testcase name="ValidateAddTofavorites" classname="smokeTest.ValidateSmokeTest">
    <skipped/>
  </testcase> <!-- ValidateAddTofavorites -->
  <testcase name="ValidateAllReportsLinks" classname="smokeTest.ValidateSmokeTest">
    <skipped/>
  </testcase> <!-- ValidateAllReportsLinks -->
  <testcase name="ValidateAddToCart" classname="smokeTest.ValidateSmokeTest">
    <skipped/>
  </testcase> <!-- ValidateAddToCart -->
</testsuite> <!-- smokeTest.ValidateSmokeTest -->
