<?xml version="1.0" encoding="UTF-8"?>
<!-- Generated by org.testng.reporters.JUnitReportReporter -->
<testsuite skipped="4" hostname="DESKTOP-B75F35K" name="smokeTest.ValidateSmokeTest" tests="31" failures="0" timestamp="09 Jul 2018 22:57:14 GMT" time="607.440" errors="0">
  <testcase name="ValidateLogin" time="46.098" classname="smokeTest.ValidateSmokeTest"/>
  <testcase name="ValidateFavoriteIcon" time="14.992" classname="smokeTest.ValidateSmokeTest"/>
  <testcase name="ValidateSearching" time="7.305" classname="smokeTest.ValidateSmokeTest"/>
  <testcase name="ValidatePDPandAddToCart" time="29.175" classname="smokeTest.ValidateSmokeTest"/>
  <testcase name="ValidateRecentViewLink" time="13.493" classname="smokeTest.ValidateSmokeTest"/>
  <testcase name="ValidateFooterLogo" time="2.650" classname="smokeTest.ValidateSmokeTest"/>
  <testcase name="ValidateMyProfNavigation" time="6.445" classname="smokeTest.ValidateSmokeTest"/>
  <testcase name="ValidateHeaderLogo" time="1.860" classname="smokeTest.ValidateSmokeTest"/>
  <testcase name="ValidateStandardsCatalog" time="5.529" classname="smokeTest.ValidateSmokeTest"/>
  <testcase name="ValidateStandardsCatalogDetail" time="18.968" classname="smokeTest.ValidateSmokeTest"/>
  <testcase name="ValidateAllProduct" time="6.107" classname="smokeTest.ValidateSmokeTest"/>
  <testcase name="ValidateAudioCablesCategory" time="8.431" classname="smokeTest.ValidateSmokeTest"/>
  <testcase name="ValidateResources" time="13.055" classname="smokeTest.ValidateSmokeTest"/>
  <testcase name="ValidateSpecialOffer" time="9.318" classname="smokeTest.ValidateSmokeTest"/>
  <testcase name="ValidateCartPage" time="5.709" classname="smokeTest.ValidateSmokeTest"/>
  <testcase name="ValidateCheckoutProcess" time="166.944" classname="smokeTest.ValidateSmokeTest"/>
  <testcase name="ValidateCheckoutHeaderLogo" time="13.334" classname="smokeTest.ValidateSmokeTest"/>
  <testcase name="ValidateCheckoutFooterLogo" time="5.547" classname="smokeTest.ValidateSmokeTest"/>
  <testcase name="ValidateFooterLinks" time="89.670" classname="smokeTest.ValidateSmokeTest"/>
  <testcase name="ValidateTrackpage" time="15.856" classname="smokeTest.ValidateSmokeTest"/>
  <testcase name="ValidateordersPage" time="24.340" classname="smokeTest.ValidateSmokeTest"/>
  <testcase name="ValidatePurchaseAnalysisPage" time="17.945" classname="smokeTest.ValidateSmokeTest"/>
  <testcase name="ValidatePAEmail" time="0.945" classname="smokeTest.ValidateSmokeTest"/>
  <testcase name="ValidateCalendarPage" time="6.616" classname="smokeTest.ValidateSmokeTest"/>
  <testcase name="ValidateCalendarLinks" time="36.173" classname="smokeTest.ValidateSmokeTest"/>
  <testcase name="ValidateSavedReports" time="5.462" classname="smokeTest.ValidateSmokeTest"/>
  <testcase name="ValidateCompaePage" time="35.473" classname="smokeTest.ValidateSmokeTest"/>
  <testcase name="ValidateRemoveFromCart" classname="smokeTest.ValidateSmokeTest">
    <skipped/>
  </testcase> <!-- ValidateRemoveFromCart -->
  <testcase name="ValidateAddTofavorites" classname="smokeTest.ValidateSmokeTest">
    <skipped/>
  </testcase> <!-- ValidateAddTofavorites -->
  <testcase name="ValidateAllReportsLinks" classname="smokeTest.ValidateSmokeTest">
    <skipped/>
  </testcase> <!-- ValidateAllReportsLinks -->
  <testcase name="ValidateAddToCart" classname="smokeTest.ValidateSmokeTest">
    <skipped/>
  </testcase> <!-- ValidateAddToCart -->
</testsuite> <!-- smokeTest.ValidateSmokeTest -->
