<?xml version="1.0" encoding="UTF-8"?>
<!-- Generated by org.testng.reporters.JUnitReportReporter -->
<testsuite skipped="4" hostname="DESKTOP-B75F35K" name="smokeTest.ValidateSmokeTest" tests="31" failures="0" timestamp="26 Sep 2018 01:01:23 GMT" time="-1247.570" errors="0">
  <testcase name="ValidateLogin" time="41.241" classname="smokeTest.ValidateSmokeTest"/>
  <testcase name="ValidateFavoriteIcon" time="14.860" classname="smokeTest.ValidateSmokeTest"/>
  <testcase name="ValidateSearching" time="9.741" classname="smokeTest.ValidateSmokeTest"/>
  <testcase name="ValidatePDPandAddToCart" time="20.462" classname="smokeTest.ValidateSmokeTest"/>
  <testcase name="ValidateRecentViewLink" time="13.299" classname="smokeTest.ValidateSmokeTest"/>
  <testcase name="ValidateFooterLogo" time="2.455" classname="smokeTest.ValidateSmokeTest"/>
  <testcase name="ValidateMyProfNavigation" time="4.644" classname="smokeTest.ValidateSmokeTest"/>
  <testcase name="ValidateHeaderLogo" time="1.825" classname="smokeTest.ValidateSmokeTest"/>
  <testcase name="ValidateStandardsCatalog" time="2.827" classname="smokeTest.ValidateSmokeTest"/>
  <testcase name="ValidateStandardsCatalogDetail" time="17.617" classname="smokeTest.ValidateSmokeTest"/>
  <testcase name="ValidateAllProduct" time="5.544" classname="smokeTest.ValidateSmokeTest"/>
  <testcase name="ValidateAudioCablesCategory" time="5.100" classname="smokeTest.ValidateSmokeTest"/>
  <testcase name="ValidateResources" time="12.256" classname="smokeTest.ValidateSmokeTest"/>
  <testcase name="ValidateSpecialOffer" time="7.301" classname="smokeTest.ValidateSmokeTest"/>
  <testcase name="ValidateCartPage" time="2.773" classname="smokeTest.ValidateSmokeTest"/>
  <testcase name="ValidateCheckoutProcess" time="55.774" classname="smokeTest.ValidateSmokeTest"/>
  <testcase name="ValidateCheckoutHeaderLogo" time="12.774" classname="smokeTest.ValidateSmokeTest"/>
  <testcase name="ValidateCheckoutFooterLogo" time="2.767" classname="smokeTest.ValidateSmokeTest"/>
  <testcase name="ValidateFooterLinks" time="-1611.954" classname="smokeTest.ValidateSmokeTest"/>
  <testcase name="ValidateTrackpage" time="7.947" classname="smokeTest.ValidateSmokeTest"/>
  <testcase name="ValidateordersPage" time="20.491" classname="smokeTest.ValidateSmokeTest"/>
  <testcase name="ValidatePurchaseAnalysisPage" time="10.957" classname="smokeTest.ValidateSmokeTest"/>
  <testcase name="ValidatePAEmail" time="1.037" classname="smokeTest.ValidateSmokeTest"/>
  <testcase name="ValidateCalendarPage" time="4.552" classname="smokeTest.ValidateSmokeTest"/>
  <testcase name="ValidateCalendarLinks" time="28.589" classname="smokeTest.ValidateSmokeTest"/>
  <testcase name="ValidateSavedReports" time="7.577" classname="smokeTest.ValidateSmokeTest"/>
  <testcase name="ValidateCompaePage" time="49.974" classname="smokeTest.ValidateSmokeTest"/>
  <testcase name="ValidateRemoveFromCart" classname="smokeTest.ValidateSmokeTest">
    <skipped/>
  </testcase> <!-- ValidateRemoveFromCart -->
  <testcase name="ValidateAddTofavorites" classname="smokeTest.ValidateSmokeTest">
    <skipped/>
  </testcase> <!-- ValidateAddTofavorites -->
  <testcase name="ValidateAllReportsLinks" classname="smokeTest.ValidateSmokeTest">
    <skipped/>
  </testcase> <!-- ValidateAllReportsLinks -->
  <testcase name="ValidateAddToCart" classname="smokeTest.ValidateSmokeTest">
    <skipped/>
  </testcase> <!-- ValidateAddToCart -->
</testsuite> <!-- smokeTest.ValidateSmokeTest -->
