<?xml version="1.0" encoding="UTF-8"?>
<!-- Generated by org.testng.reporters.JUnitReportReporter -->
<testsuite skipped="4" hostname="DESKTOP-B75F35K" name="smokeTest.ValidateSmokeTest" tests="31" failures="0" timestamp="29 May 2018 03:43:13 GMT" time="559.068" errors="0">
  <testcase name="ValidateLogin" time="50.522" classname="smokeTest.ValidateSmokeTest"/>
  <testcase name="ValidateFavoriteIcon" time="16.179" classname="smokeTest.ValidateSmokeTest"/>
  <testcase name="ValidateSearching" time="9.698" classname="smokeTest.ValidateSmokeTest"/>
  <testcase name="ValidatePDPandAddToCart" time="30.238" classname="smokeTest.ValidateSmokeTest"/>
  <testcase name="ValidateRecentViewLink" time="13.661" classname="smokeTest.ValidateSmokeTest"/>
  <testcase name="ValidateFooterLogo" time="2.660" classname="smokeTest.ValidateSmokeTest"/>
  <testcase name="ValidateMyProfNavigation" time="7.436" classname="smokeTest.ValidateSmokeTest"/>
  <testcase name="ValidateHeaderLogo" time="2.147" classname="smokeTest.ValidateSmokeTest"/>
  <testcase name="ValidateStandardsCatalog" time="5.416" classname="smokeTest.ValidateSmokeTest"/>
  <testcase name="ValidateStandardsCatalogDetail" time="18.579" classname="smokeTest.ValidateSmokeTest"/>
  <testcase name="ValidateAllProduct" time="6.068" classname="smokeTest.ValidateSmokeTest"/>
  <testcase name="ValidateAudioCablesCategory" time="7.590" classname="smokeTest.ValidateSmokeTest"/>
  <testcase name="ValidateResources" time="13.988" classname="smokeTest.ValidateSmokeTest"/>
  <testcase name="ValidateSpecialOffer" time="9.495" classname="smokeTest.ValidateSmokeTest"/>
  <testcase name="ValidateCartPage" time="5.662" classname="smokeTest.ValidateSmokeTest"/>
  <testcase name="ValidateCheckoutProcess" time="66.706" classname="smokeTest.ValidateSmokeTest"/>
  <testcase name="ValidateCheckoutHeaderLogo" time="13.239" classname="smokeTest.ValidateSmokeTest"/>
  <testcase name="ValidateCheckoutFooterLogo" time="3.278" classname="smokeTest.ValidateSmokeTest"/>
  <testcase name="ValidateFooterLinks" time="78.359" classname="smokeTest.ValidateSmokeTest"/>
  <testcase name="ValidateTrackpage" time="33.808" classname="smokeTest.ValidateSmokeTest"/>
  <testcase name="ValidateordersPage" time="60.530" classname="smokeTest.ValidateSmokeTest"/>
  <testcase name="ValidatePurchaseAnalysisPage" time="24.542" classname="smokeTest.ValidateSmokeTest"/>
  <testcase name="ValidatePAEmail" time="0.927" classname="smokeTest.ValidateSmokeTest"/>
  <testcase name="ValidateCalendarPage" time="11.343" classname="smokeTest.ValidateSmokeTest"/>
  <testcase name="ValidateCalendarLinks" time="31.421" classname="smokeTest.ValidateSmokeTest"/>
  <testcase name="ValidateSavedReports" time="4.678" classname="smokeTest.ValidateSmokeTest"/>
  <testcase name="ValidateCompaePage" time="30.898" classname="smokeTest.ValidateSmokeTest"/>
  <testcase name="ValidateRemoveFromCart" classname="smokeTest.ValidateSmokeTest">
    <skipped/>
  </testcase> <!-- ValidateRemoveFromCart -->
  <testcase name="ValidateAddTofavorites" classname="smokeTest.ValidateSmokeTest">
    <skipped/>
  </testcase> <!-- ValidateAddTofavorites -->
  <testcase name="ValidateAllReportsLinks" classname="smokeTest.ValidateSmokeTest">
    <skipped/>
  </testcase> <!-- ValidateAllReportsLinks -->
  <testcase name="ValidateAddToCart" classname="smokeTest.ValidateSmokeTest">
    <skipped/>
  </testcase> <!-- ValidateAddToCart -->
</testsuite> <!-- smokeTest.ValidateSmokeTest -->
