<?xml version="1.0" encoding="UTF-8"?>
<!-- Generated by org.testng.reporters.JUnitReportReporter -->
<testsuite skipped="2" hostname="DESKTOP-B75F35K" name="smokeTest.ValidateSmokeTest" tests="31" failures="0" timestamp="21 May 2018 09:22:01 GMT" time="591.602" errors="0">
  <testcase name="ValidateLogin" time="45.300" classname="smokeTest.ValidateSmokeTest"/>
  <testcase name="ValidateFavoriteIcon" time="15.273" classname="smokeTest.ValidateSmokeTest"/>
  <testcase name="ValidateSearching" time="39.406" classname="smokeTest.ValidateSmokeTest"/>
  <testcase name="ValidateAddToCart" time="20.094" classname="smokeTest.ValidateSmokeTest"/>
  <testcase name="ValidatePDP" time="9.874" classname="smokeTest.ValidateSmokeTest"/>
  <testcase name="ValidateRecentViewLink" time="4.185" classname="smokeTest.ValidateSmokeTest"/>
  <testcase name="ValidateFooterLogo" time="3.156" classname="smokeTest.ValidateSmokeTest"/>
  <testcase name="ValidateMyProfNavigation" time="6.931" classname="smokeTest.ValidateSmokeTest"/>
  <testcase name="ValidateHeaderLogo" time="2.079" classname="smokeTest.ValidateSmokeTest"/>
  <testcase name="ValidateStandardsCatalog" time="3.728" classname="smokeTest.ValidateSmokeTest"/>
  <testcase name="ValidateStandardsCatalogDetail" time="19.716" classname="smokeTest.ValidateSmokeTest"/>
  <testcase name="ValidateAllProduct" time="6.047" classname="smokeTest.ValidateSmokeTest"/>
  <testcase name="ValidateAudioCablesCategory" time="20.649" classname="smokeTest.ValidateSmokeTest"/>
  <testcase name="ValidateResources" time="11.270" classname="smokeTest.ValidateSmokeTest"/>
  <testcase name="ValidateSpecialOffer" time="6.632" classname="smokeTest.ValidateSmokeTest"/>
  <testcase name="ValidateCartPage" time="5.041" classname="smokeTest.ValidateSmokeTest"/>
  <testcase name="ValidateCheckoutProcess" time="76.887" classname="smokeTest.ValidateSmokeTest"/>
  <testcase name="ValidateCheckoutHeaderLogo" time="12.531" classname="smokeTest.ValidateSmokeTest"/>
  <testcase name="ValidateCheckoutFooterLogo" time="2.700" classname="smokeTest.ValidateSmokeTest"/>
  <testcase name="ValidateFooterLinks" time="16.806" classname="smokeTest.ValidateSmokeTest"/>
  <testcase name="ValidateTrackpage" time="7.696" classname="smokeTest.ValidateSmokeTest"/>
  <testcase name="ValidateordersPage" time="12.543" classname="smokeTest.ValidateSmokeTest"/>
  <testcase name="ValidatePurchaseAnalysisPage" time="4.257" classname="smokeTest.ValidateSmokeTest"/>
  <testcase name="ValidatePAEmail" time="1.080" classname="smokeTest.ValidateSmokeTest"/>
  <testcase name="ValidateCalendarPage" time="4.769" classname="smokeTest.ValidateSmokeTest"/>
  <testcase name="ValidateCalendarLinks" time="17.787" classname="smokeTest.ValidateSmokeTest"/>
  <testcase name="ValidateAllReportsLinks" time="166.631" classname="smokeTest.ValidateSmokeTest"/>
  <testcase name="ValidateSavedReports" time="5.238" classname="smokeTest.ValidateSmokeTest"/>
  <testcase name="ValidateCompaePage" time="43.296" classname="smokeTest.ValidateSmokeTest"/>
  <testcase name="ValidateRemoveFromCart" classname="smokeTest.ValidateSmokeTest">
    <skipped/>
  </testcase> <!-- ValidateRemoveFromCart -->
  <testcase name="ValidateAddTofavorites" classname="smokeTest.ValidateSmokeTest">
    <skipped/>
  </testcase> <!-- ValidateAddTofavorites -->
</testsuite> <!-- smokeTest.ValidateSmokeTest -->
